2018-08-28 20:41:50,686 INFO o.a.j.u.JMeterUtils: Setting Locale to en_EN
2018-08-28 20:41:50,720 INFO o.a.j.JMeter: Loading user properties from: C:\Jmeter\bin\user.properties
2018-08-28 20:41:50,720 INFO o.a.j.JMeter: Loading system properties from: C:\Jmeter\bin\system.properties
2018-08-28 20:41:50,735 INFO o.a.j.JMeter: Copyright (c) 1998-2018 The Apache Software Foundation
2018-08-28 20:41:50,735 INFO o.a.j.JMeter: Version 4.0 r1823414
2018-08-28 20:41:50,735 INFO o.a.j.JMeter: java.version=1.8.0_161
2018-08-28 20:41:50,735 INFO o.a.j.JMeter: java.vm.name=Java HotSpot(TM) 64-Bit Server VM
2018-08-28 20:41:50,735 INFO o.a.j.JMeter: os.name=Windows 10
2018-08-28 20:41:50,735 INFO o.a.j.JMeter: os.arch=amd64
2018-08-28 20:41:50,735 INFO o.a.j.JMeter: os.version=10.0
2018-08-28 20:41:50,735 INFO o.a.j.JMeter: file.encoding=Cp1252
2018-08-28 20:41:50,735 INFO o.a.j.JMeter: Max memory     =1073741824
2018-08-28 20:41:50,735 INFO o.a.j.JMeter: Available Processors =4
2018-08-28 20:41:50,751 INFO o.a.j.JMeter: Default Locale=English (EN)
2018-08-28 20:41:50,751 INFO o.a.j.JMeter: JMeter  Locale=English (EN)
2018-08-28 20:41:50,751 INFO o.a.j.JMeter: JMeterHome=C:\Jmeter
2018-08-28 20:41:50,751 INFO o.a.j.JMeter: user.dir  =D:\00_Workspace\04_RobotFrameWork\01_Python\CME-QA_AutomationFramework
2018-08-28 20:41:50,751 INFO o.a.j.JMeter: PWD       =D:\00_Workspace\04_RobotFrameWork\01_Python\CME-QA_AutomationFramework
2018-08-28 20:41:55,279 INFO o.a.j.JMeter: IP: 192.168.46.2 Name: DESKTOP-T53RC0H FullName: DESKTOP-T53RC0H
2018-08-28 20:41:55,279 INFO o.a.j.s.FileServer: Default base='D:\00_Workspace\04_RobotFrameWork\01_Python\CME-QA_AutomationFramework'
2018-08-28 20:41:55,311 INFO o.a.j.s.FileServer: Set new base='D:\00_Workspace\04_RobotFrameWork\01_Python\CME-QA_AutomationFramework\01_Testathon_TestSuites\02_Inputs'
2018-08-28 20:41:55,561 INFO o.a.j.s.SaveService: Testplan (JMX) version: 2.2. Testlog (JTL) version: 2.2
2018-08-28 20:41:55,592 INFO o.a.j.s.SaveService: Using SaveService properties file encoding UTF-8
2018-08-28 20:41:55,607 INFO o.a.j.s.SaveService: Using SaveService properties version 4.0
2018-08-28 20:41:55,607 INFO o.a.j.s.SaveService: Loading file: D:\00_Workspace\04_RobotFrameWork\01_Python\CME-QA_AutomationFramework\01_Testathon_TestSuites\02_Inputs\AmazonLogin.jmx
2018-08-28 20:41:55,701 INFO o.a.j.p.h.c.CookieManager: Settings: Delete null: true Check: true Allow variable: true Save: false Prefix: COOKIE_
2018-08-28 20:41:55,701 INFO o.a.j.p.h.c.CacheManager: Will only cache the following methods: [GET]
2018-08-28 20:41:55,732 INFO o.a.j.p.h.s.HTTPSamplerBase: Parser for text/html is org.apache.jmeter.protocol.http.parser.LagartoBasedHtmlParser
2018-08-28 20:41:55,732 INFO o.a.j.p.h.s.HTTPSamplerBase: Parser for application/xhtml+xml is org.apache.jmeter.protocol.http.parser.LagartoBasedHtmlParser
2018-08-28 20:41:55,732 INFO o.a.j.p.h.s.HTTPSamplerBase: Parser for application/xml is org.apache.jmeter.protocol.http.parser.LagartoBasedHtmlParser
2018-08-28 20:41:55,732 INFO o.a.j.p.h.s.HTTPSamplerBase: Parser for text/xml is org.apache.jmeter.protocol.http.parser.LagartoBasedHtmlParser
2018-08-28 20:41:55,732 INFO o.a.j.p.h.s.HTTPSamplerBase: Parser for text/vnd.wap.wml is org.apache.jmeter.protocol.http.parser.RegexpHTMLParser
2018-08-28 20:41:55,732 INFO o.a.j.p.h.s.HTTPSamplerBase: Parser for text/css is org.apache.jmeter.protocol.http.parser.CssParser
2018-08-28 20:41:55,841 INFO o.a.j.JMeter: Creating summariser <summary>
2018-08-28 20:41:55,848 INFO o.a.j.e.StandardJMeterEngine: Running the test!
2018-08-28 20:41:55,864 INFO o.a.j.s.SampleEvent: List of sample_variables: []
2018-08-28 20:41:55,864 INFO o.a.j.s.SampleEvent: List of sample_variables: []
2018-08-28 20:41:55,864 INFO o.a.j.e.u.CompoundVariable: Note: Function class names must contain the string: '.functions.'
2018-08-28 20:41:55,864 INFO o.a.j.e.u.CompoundVariable: Note: Function class names must not contain the string: '.gui.'
2018-08-28 20:41:56,614 INFO o.a.j.JMeter: Running test (1535469116614)
2018-08-28 20:41:56,660 INFO o.a.j.e.StandardJMeterEngine: Starting ThreadGroup: 1 : Thread Group
2018-08-28 20:41:56,660 INFO o.a.j.e.StandardJMeterEngine: Starting 1 threads for group Thread Group.
2018-08-28 20:41:56,660 INFO o.a.j.e.StandardJMeterEngine: Thread will continue on error
2018-08-28 20:41:56,660 INFO o.a.j.t.ThreadGroup: Starting thread group... number=1 threads=1 ramp-up=1 perThread=1000.0 delayedStart=false
2018-08-28 20:41:56,692 INFO o.a.j.t.ThreadGroup: Started thread group number 1
2018-08-28 20:41:56,692 INFO o.a.j.e.StandardJMeterEngine: All thread groups have been started
2018-08-28 20:41:56,692 INFO o.a.j.s.SampleResult: Note: Sample TimeStamps are START times
2018-08-28 20:41:56,692 INFO o.a.j.s.SampleResult: sampleresult.default.encoding is set to ISO-8859-1
2018-08-28 20:41:56,692 INFO o.a.j.s.SampleResult: sampleresult.useNanoTime=true
2018-08-28 20:41:56,692 INFO o.a.j.s.SampleResult: sampleresult.nanoThreadSleep=5000
2018-08-28 20:41:56,692 INFO o.a.j.t.JMeterThread: Thread started: Thread Group 1-1
2018-08-28 20:41:56,723 INFO o.a.j.p.h.s.HTTPHCAbstractImpl: Local host = DESKTOP-T53RC0H
2018-08-28 20:41:56,739 INFO o.a.j.p.h.s.HTTPHC4Impl: HTTP request retry count = 0
2018-08-28 20:41:57,263 INFO o.a.j.p.h.s.LazySchemeSocketFactory: Setting up HTTPS TrustAll Socket Factory
2018-08-28 20:41:57,278 INFO o.a.j.u.JsseSSLManager: Using default SSL protocol: TLS
2018-08-28 20:41:57,278 INFO o.a.j.u.JsseSSLManager: SSL session context: per-thread
2018-08-28 20:41:58,606 INFO o.a.j.u.SSLManager: JmeterKeyStore Location:  type JKS
2018-08-28 20:41:58,606 INFO o.a.j.u.SSLManager: KeyStore created OK
2018-08-28 20:41:58,606 WARN o.a.j.u.SSLManager: Keystore file not found, loading empty keystore
2018-08-28 20:41:59,621 INFO o.a.j.p.h.p.BaseParser: Created org.apache.jmeter.protocol.http.parser.LagartoBasedHtmlParser
2018-08-28 20:42:01,213 INFO o.a.j.p.h.s.ResourcesDownloader: Creating ResourcesDownloader with keepalive_inseconds : 60
2018-08-28 20:42:01,585 INFO o.a.j.p.h.p.BaseParser: Created org.apache.jmeter.protocol.http.parser.CssParser
2018-08-28 20:42:01,585 INFO o.a.j.p.h.p.BaseParser: Created org.apache.jmeter.protocol.http.parser.CssParser
2018-08-28 20:42:01,601 INFO o.a.j.p.h.p.BaseParser: Created org.apache.jmeter.protocol.http.parser.CssParser
2018-08-28 20:42:02,965 WARN c.h.c.r.e.LoggingCSSParseErrorHandler: Browser compliant mode skipped CSS from [43:6563] starting at token '-' until [43:6564] to token ';' (based on com.helger.css.parser.ParseException: Encountered unexpected token: ";" ";"
    at line 43, column 6564.

Was expecting one of:

    <ANGLE_DEG>
    <ANGLE_GRAD>
    <ANGLE_RAD>
    <ANGLE_TURN>
    <CH>
    <DPCM>
    <DPI>
    <DPPX>
    <EM>
    <EX>
    <FR>
    <FREQ_HZ>
    <FREQ_KHZ>
    <LENGTH_CM>
    <LENGTH_IN>
    <LENGTH_MM>
    <LENGTH_PC>
    <LENGTH_PT>
    <LENGTH_Q>
    <NUMBER>
    <PERCENTAGE>
    <PX>
    <REM>
    <TIME_MS>
    <TIME_S>
    <VH>
    <VMAX>
    <VMIN>
    <VW>
)
2018-08-28 20:42:02,965 WARN c.h.c.r.e.LoggingCSSParseErrorHandler: Browser compliant mode skipped CSS from [43:6724] starting at token '-' until [43:6725] to token ';' (based on com.helger.css.parser.ParseException: Encountered unexpected token: ";" ";"
    at line 43, column 6725.

Was expecting one of:

    <ANGLE_DEG>
    <ANGLE_GRAD>
    <ANGLE_RAD>
    <ANGLE_TURN>
    <CH>
    <DPCM>
    <DPI>
    <DPPX>
    <EM>
    <EX>
    <FR>
    <FREQ_HZ>
    <FREQ_KHZ>
    <LENGTH_CM>
    <LENGTH_IN>
    <LENGTH_MM>
    <LENGTH_PC>
    <LENGTH_PT>
    <LENGTH_Q>
    <NUMBER>
    <PERCENTAGE>
    <PX>
    <REM>
    <TIME_MS>
    <TIME_S>
    <VH>
    <VMAX>
    <VMIN>
    <VW>
)
2018-08-28 20:42:02,965 WARN c.h.c.r.e.LoggingCSSParseErrorHandler: Browser compliant mode skipped CSS from [43:7040] starting at token '-' until [43:7041] to token ';' (based on com.helger.css.parser.ParseException: Encountered unexpected token: ";" ";"
    at line 43, column 7041.

Was expecting one of:

    <ANGLE_DEG>
    <ANGLE_GRAD>
    <ANGLE_RAD>
    <ANGLE_TURN>
    <CH>
    <DPCM>
    <DPI>
    <DPPX>
    <EM>
    <EX>
    <FR>
    <FREQ_HZ>
    <FREQ_KHZ>
    <LENGTH_CM>
    <LENGTH_IN>
    <LENGTH_MM>
    <LENGTH_PC>
    <LENGTH_PT>
    <LENGTH_Q>
    <NUMBER>
    <PERCENTAGE>
    <PX>
    <REM>
    <TIME_MS>
    <TIME_S>
    <VH>
    <VMAX>
    <VMIN>
    <VW>
)
2018-08-28 20:42:03,993 INFO o.a.j.r.Summariser: summary +      1 in 00:00:07 =    0.1/s Avg:  7178 Min:  7178 Max:  7178 Err:     0 (0.00%) Active: 1 Started: 1 Finished: 0
2018-08-28 20:42:37,717 WARN c.h.c.r.e.LoggingCSSParseErrorHandler: Browser compliant mode skipped CSS from [1:70319] starting at token ':' until [1:70330] to token '}' (based on com.helger.css.parser.ParseException: Encountered unexpected token: "!important" <IMPORTANT_SYM>
    at line 1, column 70320.

Was expecting one of:

    "+"
    "-"
    "["
    "and"
    "expression("
    "from"
    "inherit"
    "not"
    "only"
    "or"
    "to"
    <ANGLE_DEG>
    <ANGLE_GRAD>
    <ANGLE_RAD>
    <ANGLE_TURN>
    <CH>
    <DPCM>
    <DPI>
    <DPPX>
    <EM>
    <EX>
    <FR>
    <FREQ_HZ>
    <FREQ_KHZ>
    <FUNCTION>
    <FUNCTION_CALC>
    <HASH>
    <IDENT>
    <LENGTH_CM>
    <LENGTH_IN>
    <LENGTH_MM>
    <LENGTH_PC>
    <LENGTH_PT>
    <LENGTH_Q>
    <NUMBER>
    <PERCENTAGE>
    <PX>
    <REM>
    <S>
    <STRING1>
    <STRING2>
    <TIME_MS>
    <TIME_S>
    <URANGE>
    <URL>
    <VH>
    <VMAX>
    <VMIN>
    <VW>
)
2018-08-28 20:42:37,717 WARN c.h.c.r.e.LoggingCSSParseErrorHandler: Browser compliant mode skipped CSS from [1:71876] starting at token ':' until [1:71887] to token '}' (based on com.helger.css.parser.ParseException: Encountered unexpected token: "!important" <IMPORTANT_SYM>
    at line 1, column 71877.

Was expecting one of:

    "+"
    "-"
    "["
    "and"
    "expression("
    "from"
    "inherit"
    "not"
    "only"
    "or"
    "to"
    <ANGLE_DEG>
    <ANGLE_GRAD>
    <ANGLE_RAD>
    <ANGLE_TURN>
    <CH>
    <DPCM>
    <DPI>
    <DPPX>
    <EM>
    <EX>
    <FR>
    <FREQ_HZ>
    <FREQ_KHZ>
    <FUNCTION>
    <FUNCTION_CALC>
    <HASH>
    <IDENT>
    <LENGTH_CM>
    <LENGTH_IN>
    <LENGTH_MM>
    <LENGTH_PC>
    <LENGTH_PT>
    <LENGTH_Q>
    <NUMBER>
    <PERCENTAGE>
    <PX>
    <REM>
    <S>
    <STRING1>
    <STRING2>
    <TIME_MS>
    <TIME_S>
    <URANGE>
    <URL>
    <VH>
    <VMAX>
    <VMIN>
    <VW>
)
2018-08-28 20:42:37,717 WARN c.h.c.r.e.LoggingCSSParseErrorHandler: Browser compliant mode skipped CSS from [1:71969] starting at token ':' until [1:71980] to token '}' (based on com.helger.css.parser.ParseException: Encountered unexpected token: "!important" <IMPORTANT_SYM>
    at line 1, column 71970.

Was expecting one of:

    "+"
    "-"
    "["
    "and"
    "expression("
    "from"
    "inherit"
    "not"
    "only"
    "or"
    "to"
    <ANGLE_DEG>
    <ANGLE_GRAD>
    <ANGLE_RAD>
    <ANGLE_TURN>
    <CH>
    <DPCM>
    <DPI>
    <DPPX>
    <EM>
    <EX>
    <FR>
    <FREQ_HZ>
    <FREQ_KHZ>
    <FUNCTION>
    <FUNCTION_CALC>
    <HASH>
    <IDENT>
    <LENGTH_CM>
    <LENGTH_IN>
    <LENGTH_MM>
    <LENGTH_PC>
    <LENGTH_PT>
    <LENGTH_Q>
    <NUMBER>
    <PERCENTAGE>
    <PX>
    <REM>
    <S>
    <STRING1>
    <STRING2>
    <TIME_MS>
    <TIME_S>
    <URANGE>
    <URL>
    <VH>
    <VMAX>
    <VMIN>
    <VW>
)
2018-08-28 20:42:37,717 WARN c.h.c.r.e.LoggingCSSParseErrorHandler: Browser compliant mode skipped CSS from [1:73626] starting at token ':' until [1:73637] to token '}' (based on com.helger.css.parser.ParseException: Encountered unexpected token: "!important" <IMPORTANT_SYM>
    at line 1, column 73627.

Was expecting one of:

    "+"
    "-"
    "["
    "and"
    "expression("
    "from"
    "inherit"
    "not"
    "only"
    "or"
    "to"
    <ANGLE_DEG>
    <ANGLE_GRAD>
    <ANGLE_RAD>
    <ANGLE_TURN>
    <CH>
    <DPCM>
    <DPI>
    <DPPX>
    <EM>
    <EX>
    <FR>
    <FREQ_HZ>
    <FREQ_KHZ>
    <FUNCTION>
    <FUNCTION_CALC>
    <HASH>
    <IDENT>
    <LENGTH_CM>
    <LENGTH_IN>
    <LENGTH_MM>
    <LENGTH_PC>
    <LENGTH_PT>
    <LENGTH_Q>
    <NUMBER>
    <PERCENTAGE>
    <PX>
    <REM>
    <S>
    <STRING1>
    <STRING2>
    <TIME_MS>
    <TIME_S>
    <URANGE>
    <URL>
    <VH>
    <VMAX>
    <VMIN>
    <VW>
)
2018-08-28 20:42:37,717 WARN c.h.c.r.e.LoggingCSSParseErrorHandler: Browser compliant mode skipped CSS from [1:73754] starting at token ':' until [1:73765] to token '}' (based on com.helger.css.parser.ParseException: Encountered unexpected token: "!important" <IMPORTANT_SYM>
    at line 1, column 73755.

Was expecting one of:

    "+"
    "-"
    "["
    "and"
    "expression("
    "from"
    "inherit"
    "not"
    "only"
    "or"
    "to"
    <ANGLE_DEG>
    <ANGLE_GRAD>
    <ANGLE_RAD>
    <ANGLE_TURN>
    <CH>
    <DPCM>
    <DPI>
    <DPPX>
    <EM>
    <EX>
    <FR>
    <FREQ_HZ>
    <FREQ_KHZ>
    <FUNCTION>
    <FUNCTION_CALC>
    <HASH>
    <IDENT>
    <LENGTH_CM>
    <LENGTH_IN>
    <LENGTH_MM>
    <LENGTH_PC>
    <LENGTH_PT>
    <LENGTH_Q>
    <NUMBER>
    <PERCENTAGE>
    <PX>
    <REM>
    <S>
    <STRING1>
    <STRING2>
    <TIME_MS>
    <TIME_S>
    <URANGE>
    <URL>
    <VH>
    <VMAX>
    <VMIN>
    <VW>
)
2018-08-28 20:42:37,717 WARN c.h.c.r.e.LoggingCSSParseErrorHandler: Browser compliant mode skipped CSS from [1:73869] starting at token ':' until [1:73880] to token '}' (based on com.helger.css.parser.ParseException: Encountered unexpected token: "!important" <IMPORTANT_SYM>
    at line 1, column 73870.

Was expecting one of:

    "+"
    "-"
    "["
    "and"
    "expression("
    "from"
    "inherit"
    "not"
    "only"
    "or"
    "to"
    <ANGLE_DEG>
    <ANGLE_GRAD>
    <ANGLE_RAD>
    <ANGLE_TURN>
    <CH>
    <DPCM>
    <DPI>
    <DPPX>
    <EM>
    <EX>
    <FR>
    <FREQ_HZ>
    <FREQ_KHZ>
    <FUNCTION>
    <FUNCTION_CALC>
    <HASH>
    <IDENT>
    <LENGTH_CM>
    <LENGTH_IN>
    <LENGTH_MM>
    <LENGTH_PC>
    <LENGTH_PT>
    <LENGTH_Q>
    <NUMBER>
    <PERCENTAGE>
    <PX>
    <REM>
    <S>
    <STRING1>
    <STRING2>
    <TIME_MS>
    <TIME_S>
    <URANGE>
    <URL>
    <VH>
    <VMAX>
    <VMIN>
    <VW>
)
2018-08-28 20:42:37,717 WARN c.h.c.r.e.LoggingCSSParseErrorHandler: Browser compliant mode skipped CSS from [1:74023] starting at token ':' until [1:74034] to token '}' (based on com.helger.css.parser.ParseException: Encountered unexpected token: "!important" <IMPORTANT_SYM>
    at line 1, column 74024.

Was expecting one of:

    "+"
    "-"
    "["
    "and"
    "expression("
    "from"
    "inherit"
    "not"
    "only"
    "or"
    "to"
    <ANGLE_DEG>
    <ANGLE_GRAD>
    <ANGLE_RAD>
    <ANGLE_TURN>
    <CH>
    <DPCM>
    <DPI>
    <DPPX>
    <EM>
    <EX>
    <FR>
    <FREQ_HZ>
    <FREQ_KHZ>
    <FUNCTION>
    <FUNCTION_CALC>
    <HASH>
    <IDENT>
    <LENGTH_CM>
    <LENGTH_IN>
    <LENGTH_MM>
    <LENGTH_PC>
    <LENGTH_PT>
    <LENGTH_Q>
    <NUMBER>
    <PERCENTAGE>
    <PX>
    <REM>
    <S>
    <STRING1>
    <STRING2>
    <TIME_MS>
    <TIME_S>
    <URANGE>
    <URL>
    <VH>
    <VMAX>
    <VMIN>
    <VW>
)
2018-08-28 20:42:37,733 WARN c.h.c.r.e.LoggingCSSParseErrorHandler: Browser compliant mode skipped CSS from [1:74950] starting at token ':' until [1:74961] to token '}' (based on com.helger.css.parser.ParseException: Encountered unexpected token: "!important" <IMPORTANT_SYM>
    at line 1, column 74951.

Was expecting one of:

    "+"
    "-"
    "["
    "and"
    "expression("
    "from"
    "inherit"
    "not"
    "only"
    "or"
    "to"
    <ANGLE_DEG>
    <ANGLE_GRAD>
    <ANGLE_RAD>
    <ANGLE_TURN>
    <CH>
    <DPCM>
    <DPI>
    <DPPX>
    <EM>
    <EX>
    <FR>
    <FREQ_HZ>
    <FREQ_KHZ>
    <FUNCTION>
    <FUNCTION_CALC>
    <HASH>
    <IDENT>
    <LENGTH_CM>
    <LENGTH_IN>
    <LENGTH_MM>
    <LENGTH_PC>
    <LENGTH_PT>
    <LENGTH_Q>
    <NUMBER>
    <PERCENTAGE>
    <PX>
    <REM>
    <S>
    <STRING1>
    <STRING2>
    <TIME_MS>
    <TIME_S>
    <URANGE>
    <URL>
    <VH>
    <VMAX>
    <VMIN>
    <VW>
)
2018-08-28 20:42:37,733 WARN c.h.c.r.e.LoggingCSSParseErrorHandler: Browser compliant mode skipped CSS from [1:75031] starting at token ':' until [1:75042] to token '}' (based on com.helger.css.parser.ParseException: Encountered unexpected token: "!important" <IMPORTANT_SYM>
    at line 1, column 75032.

Was expecting one of:

    "+"
    "-"
    "["
    "and"
    "expression("
    "from"
    "inherit"
    "not"
    "only"
    "or"
    "to"
    <ANGLE_DEG>
    <ANGLE_GRAD>
    <ANGLE_RAD>
    <ANGLE_TURN>
    <CH>
    <DPCM>
    <DPI>
    <DPPX>
    <EM>
    <EX>
    <FR>
    <FREQ_HZ>
    <FREQ_KHZ>
    <FUNCTION>
    <FUNCTION_CALC>
    <HASH>
    <IDENT>
    <LENGTH_CM>
    <LENGTH_IN>
    <LENGTH_MM>
    <LENGTH_PC>
    <LENGTH_PT>
    <LENGTH_Q>
    <NUMBER>
    <PERCENTAGE>
    <PX>
    <REM>
    <S>
    <STRING1>
    <STRING2>
    <TIME_MS>
    <TIME_S>
    <URANGE>
    <URL>
    <VH>
    <VMAX>
    <VMIN>
    <VW>
)
2018-08-28 20:42:37,733 WARN c.h.c.r.e.LoggingCSSParseErrorHandler: Browser compliant mode skipped CSS from [1:75100] starting at token ':' until [1:75111] to token '}' (based on com.helger.css.parser.ParseException: Encountered unexpected token: "!important" <IMPORTANT_SYM>
    at line 1, column 75101.

Was expecting one of:

    "+"
    "-"
    "["
    "and"
    "expression("
    "from"
    "inherit"
    "not"
    "only"
    "or"
    "to"
    <ANGLE_DEG>
    <ANGLE_GRAD>
    <ANGLE_RAD>
    <ANGLE_TURN>
    <CH>
    <DPCM>
    <DPI>
    <DPPX>
    <EM>
    <EX>
    <FR>
    <FREQ_HZ>
    <FREQ_KHZ>
    <FUNCTION>
    <FUNCTION_CALC>
    <HASH>
    <IDENT>
    <LENGTH_CM>
    <LENGTH_IN>
    <LENGTH_MM>
    <LENGTH_PC>
    <LENGTH_PT>
    <LENGTH_Q>
    <NUMBER>
    <PERCENTAGE>
    <PX>
    <REM>
    <S>
    <STRING1>
    <STRING2>
    <TIME_MS>
    <TIME_S>
    <URANGE>
    <URL>
    <VH>
    <VMAX>
    <VMIN>
    <VW>
)
2018-08-28 20:42:37,733 WARN c.h.c.r.e.LoggingCSSParseErrorHandler: Browser compliant mode skipped CSS from [1:75194] starting at token ':' until [1:75205] to token '}' (based on com.helger.css.parser.ParseException: Encountered unexpected token: "!important" <IMPORTANT_SYM>
    at line 1, column 75195.

Was expecting one of:

    "+"
    "-"
    "["
    "and"
    "expression("
    "from"
    "inherit"
    "not"
    "only"
    "or"
    "to"
    <ANGLE_DEG>
    <ANGLE_GRAD>
    <ANGLE_RAD>
    <ANGLE_TURN>
    <CH>
    <DPCM>
    <DPI>
    <DPPX>
    <EM>
    <EX>
    <FR>
    <FREQ_HZ>
    <FREQ_KHZ>
    <FUNCTION>
    <FUNCTION_CALC>
    <HASH>
    <IDENT>
    <LENGTH_CM>
    <LENGTH_IN>
    <LENGTH_MM>
    <LENGTH_PC>
    <LENGTH_PT>
    <LENGTH_Q>
    <NUMBER>
    <PERCENTAGE>
    <PX>
    <REM>
    <S>
    <STRING1>
    <STRING2>
    <TIME_MS>
    <TIME_S>
    <URANGE>
    <URL>
    <VH>
    <VMAX>
    <VMIN>
    <VW>
)
2018-08-28 20:42:37,733 WARN c.h.c.r.e.LoggingCSSParseErrorHandler: Browser compliant mode skipped CSS from [1:75973] starting at token ':' until [1:75984] to token '}' (based on com.helger.css.parser.ParseException: Encountered unexpected token: "!important" <IMPORTANT_SYM>
    at line 1, column 75974.

Was expecting one of:

    "+"
    "-"
    "["
    "and"
    "expression("
    "from"
    "inherit"
    "not"
    "only"
    "or"
    "to"
    <ANGLE_DEG>
    <ANGLE_GRAD>
    <ANGLE_RAD>
    <ANGLE_TURN>
    <CH>
    <DPCM>
    <DPI>
    <DPPX>
    <EM>
    <EX>
    <FR>
    <FREQ_HZ>
    <FREQ_KHZ>
    <FUNCTION>
    <FUNCTION_CALC>
    <HASH>
    <IDENT>
    <LENGTH_CM>
    <LENGTH_IN>
    <LENGTH_MM>
    <LENGTH_PC>
    <LENGTH_PT>
    <LENGTH_Q>
    <NUMBER>
    <PERCENTAGE>
    <PX>
    <REM>
    <S>
    <STRING1>
    <STRING2>
    <TIME_MS>
    <TIME_S>
    <URANGE>
    <URL>
    <VH>
    <VMAX>
    <VMIN>
    <VW>
)
2018-08-28 20:42:37,733 WARN c.h.c.r.e.LoggingCSSParseErrorHandler: Browser compliant mode skipped CSS from [1:76054] starting at token ':' until [1:76065] to token '}' (based on com.helger.css.parser.ParseException: Encountered unexpected token: "!important" <IMPORTANT_SYM>
    at line 1, column 76055.

Was expecting one of:

    "+"
    "-"
    "["
    "and"
    "expression("
    "from"
    "inherit"
    "not"
    "only"
    "or"
    "to"
    <ANGLE_DEG>
    <ANGLE_GRAD>
    <ANGLE_RAD>
    <ANGLE_TURN>
    <CH>
    <DPCM>
    <DPI>
    <DPPX>
    <EM>
    <EX>
    <FR>
    <FREQ_HZ>
    <FREQ_KHZ>
    <FUNCTION>
    <FUNCTION_CALC>
    <HASH>
    <IDENT>
    <LENGTH_CM>
    <LENGTH_IN>
    <LENGTH_MM>
    <LENGTH_PC>
    <LENGTH_PT>
    <LENGTH_Q>
    <NUMBER>
    <PERCENTAGE>
    <PX>
    <REM>
    <S>
    <STRING1>
    <STRING2>
    <TIME_MS>
    <TIME_S>
    <URANGE>
    <URL>
    <VH>
    <VMAX>
    <VMIN>
    <VW>
)
2018-08-28 20:42:37,733 WARN c.h.c.r.e.LoggingCSSParseErrorHandler: Browser compliant mode skipped CSS from [1:76123] starting at token ':' until [1:76134] to token '}' (based on com.helger.css.parser.ParseException: Encountered unexpected token: "!important" <IMPORTANT_SYM>
    at line 1, column 76124.

Was expecting one of:

    "+"
    "-"
    "["
    "and"
    "expression("
    "from"
    "inherit"
    "not"
    "only"
    "or"
    "to"
    <ANGLE_DEG>
    <ANGLE_GRAD>
    <ANGLE_RAD>
    <ANGLE_TURN>
    <CH>
    <DPCM>
    <DPI>
    <DPPX>
    <EM>
    <EX>
    <FR>
    <FREQ_HZ>
    <FREQ_KHZ>
    <FUNCTION>
    <FUNCTION_CALC>
    <HASH>
    <IDENT>
    <LENGTH_CM>
    <LENGTH_IN>
    <LENGTH_MM>
    <LENGTH_PC>
    <LENGTH_PT>
    <LENGTH_Q>
    <NUMBER>
    <PERCENTAGE>
    <PX>
    <REM>
    <S>
    <STRING1>
    <STRING2>
    <TIME_MS>
    <TIME_S>
    <URANGE>
    <URL>
    <VH>
    <VMAX>
    <VMIN>
    <VW>
)
2018-08-28 20:42:37,733 WARN c.h.c.r.e.LoggingCSSParseErrorHandler: Browser compliant mode skipped CSS from [1:76217] starting at token ':' until [1:76228] to token '}' (based on com.helger.css.parser.ParseException: Encountered unexpected token: "!important" <IMPORTANT_SYM>
    at line 1, column 76218.

Was expecting one of:

    "+"
    "-"
    "["
    "and"
    "expression("
    "from"
    "inherit"
    "not"
    "only"
    "or"
    "to"
    <ANGLE_DEG>
    <ANGLE_GRAD>
    <ANGLE_RAD>
    <ANGLE_TURN>
    <CH>
    <DPCM>
    <DPI>
    <DPPX>
    <EM>
    <EX>
    <FR>
    <FREQ_HZ>
    <FREQ_KHZ>
    <FUNCTION>
    <FUNCTION_CALC>
    <HASH>
    <IDENT>
    <LENGTH_CM>
    <LENGTH_IN>
    <LENGTH_MM>
    <LENGTH_PC>
    <LENGTH_PT>
    <LENGTH_Q>
    <NUMBER>
    <PERCENTAGE>
    <PX>
    <REM>
    <S>
    <STRING1>
    <STRING2>
    <TIME_MS>
    <TIME_S>
    <URANGE>
    <URL>
    <VH>
    <VMAX>
    <VMIN>
    <VW>
)
2018-08-28 20:42:37,793 WARN c.h.c.r.e.LoggingCSSParseErrorHandler: Browser compliant mode skipped CSS from [9:888] starting at token ':' until [9:899] to token '}' (based on com.helger.css.parser.ParseException: Encountered unexpected token: "!important" <IMPORTANT_SYM>
    at line 9, column 889.

Was expecting one of:

    "+"
    "-"
    "["
    "and"
    "expression("
    "from"
    "inherit"
    "not"
    "only"
    "or"
    "to"
    <ANGLE_DEG>
    <ANGLE_GRAD>
    <ANGLE_RAD>
    <ANGLE_TURN>
    <CH>
    <DPCM>
    <DPI>
    <DPPX>
    <EM>
    <EX>
    <FR>
    <FREQ_HZ>
    <FREQ_KHZ>
    <FUNCTION>
    <FUNCTION_CALC>
    <HASH>
    <IDENT>
    <LENGTH_CM>
    <LENGTH_IN>
    <LENGTH_MM>
    <LENGTH_PC>
    <LENGTH_PT>
    <LENGTH_Q>
    <NUMBER>
    <PERCENTAGE>
    <PX>
    <REM>
    <S>
    <STRING1>
    <STRING2>
    <TIME_MS>
    <TIME_S>
    <URANGE>
    <URL>
    <VH>
    <VMAX>
    <VMIN>
    <VW>
)
2018-08-28 20:43:03,087 INFO o.a.j.r.Summariser: summary +     16 in 00:00:59 =    0.3/s Avg:   650 Min:   192 Max:  3733 Err:     8 (50.00%) Active: 1 Started: 1 Finished: 0
2018-08-28 20:43:03,100 INFO o.a.j.r.Summariser: summary =     17 in 00:01:06 =    0.3/s Avg:  1034 Min:   192 Max:  7178 Err:     8 (47.06%)
2018-08-28 20:43:06,725 INFO o.a.j.t.JMeterThread: Thread is done: Thread Group 1-1
2018-08-28 20:43:06,725 INFO o.a.j.t.JMeterThread: Thread finished: Thread Group 1-1
2018-08-28 20:43:06,740 INFO o.a.j.e.StandardJMeterEngine: Notifying test listeners of end of test
2018-08-28 20:43:06,740 INFO o.a.j.r.Summariser: summary +      1 in 00:00:04 =    0.3/s Avg:   367 Min:   367 Max:   367 Err:     1 (100.00%) Active: 0 Started: 1 Finished: 1
2018-08-28 20:43:06,746 INFO o.a.j.r.Summariser: summary =     18 in 00:01:10 =    0.3/s Avg:   997 Min:   192 Max:  7178 Err:     9 (50.00%)
